<?xml version="1.0" encoding="UTF-8"?>
<!-- Generated by org.testng.reporters.JUnitReportReporter -->
<testsuite hostname="MSI" failures="0" tests="1" name="MyTestCases" time="0.432" errors="0" timestamp="2024-03-05T21:30:24 AST" skipped="0">
  <testcase classname="MyTestCases" name="Login" time="0.432"/>
</testsuite> <!-- MyTestCases -->
