<?xml version="1.0" encoding="UTF-8"?>
<!-- Generated by org.testng.reporters.JUnitReportReporter -->
<testsuite hostname="MSI" failures="0" tests="1" name="soso" time="6.272" errors="0" timestamp="2024-03-04T15:25:17 AST" skipped="0">
  <testcase classname="soso" name="login" time="6.272"/>
</testsuite> <!-- soso -->
